+ Rscript -e 'Sys.setenv(BIOCONDUCTOR_USE_CONTAINER_REPOSITORY=FALSE); p <- .libPaths(); p <- c('\''/tmp/tmp/built'\'', p); .libPaths(p); if(BiocManager::install('\''SingleMoleculeFootprinting'\'', INSTALL_opts = '\''--build'\'', update = TRUE, quiet = FALSE, dependencies=TRUE, force = TRUE, keep_outputs = TRUE) %in% rownames(installed.packages())) q(status = 0) else q(status = 1)'
'getOption("repos")' replaces Bioconductor standard repositories, see
'help("repositories", package = "BiocManager")' for details.
Replacement repositories:
    CRAN: https://packagemanager.posit.co/cran/__linux__/jammy/latest
Bioconductor version 3.17 (BiocManager 1.30.22), R 4.3.1 (2023-06-16)
Installing package(s) 'SingleMoleculeFootprinting'
also installing the dependencies ‘vroom’, ‘tzdb’, ‘ExperimentHub’, ‘readr’, ‘SingleMoleculeFootprintingData’

trying URL 'https://packagemanager.posit.co/cran/__linux__/jammy/latest/src/contrib/vroom_1.6.4.tar.gz'
Content type 'binary/octet-stream' length 927156 bytes (905 KB)
==================================================
downloaded 905 KB

trying URL 'https://packagemanager.posit.co/cran/__linux__/jammy/latest/src/contrib/tzdb_0.4.0.tar.gz'
Content type 'binary/octet-stream' length 640820 bytes (625 KB)
==================================================
downloaded 625 KB

trying URL 'https://bioconductor.org/packages/3.17/bioc/src/contrib/ExperimentHub_2.8.1.tar.gz'
Content type 'application/gzip' length 496738 bytes (485 KB)
==================================================
downloaded 485 KB

trying URL 'https://packagemanager.posit.co/cran/__linux__/jammy/latest/src/contrib/readr_2.1.4.tar.gz'
Content type 'binary/octet-stream' length 824320 bytes (805 KB)
==================================================
downloaded 805 KB

trying URL 'https://bioconductor.org/packages/3.17/data/experiment/src/contrib/SingleMoleculeFootprintingData_1.8.0.tar.gz'
Content type 'application/gzip' length 20617 bytes (20 KB)
==================================================
downloaded 20 KB

trying URL 'https://bioconductor.org/packages/3.17/bioc/src/contrib/SingleMoleculeFootprinting_1.8.0.tar.gz'
Content type 'application/gzip' length 568079 bytes (554 KB)
==================================================
downloaded 554 KB

* installing *binary* package ‘tzdb’ ...
* ‘tzdb’ was already a binary package and will not be rebuilt
* creating tarball
packaged installation of ‘tzdb’ as ‘tzdb_0.4.0_R_x86_64-pc-linux-gnu.tar.gz’
* DONE (tzdb)
* installing *source* package ‘ExperimentHub’ ...
** using staged installation
** R
** inst
** byte-compile and prepare package for lazy loading
** help
*** installing help indices
** building package indices
** installing vignettes
** testing if installed package can be loaded from temporary location
** testing if installed package can be loaded from final location
** testing if installed package keeps a record of temporary installation path
* creating tarball
packaged installation of ‘ExperimentHub’ as ‘ExperimentHub_2.8.1_R_x86_64-pc-linux-gnu.tar.gz’
* DONE (ExperimentHub)
* installing *source* package ‘SingleMoleculeFootprinting’ ...
** using staged installation
** R
** inst
** byte-compile and prepare package for lazy loading
** help
*** installing help indices
** building package indices
** installing vignettes
** testing if installed package can be loaded from temporary location
** testing if installed package can be loaded from final location
** testing if installed package keeps a record of temporary installation path
* creating tarball
packaged installation of ‘SingleMoleculeFootprinting’ as ‘SingleMoleculeFootprinting_1.8.0_R_x86_64-pc-linux-gnu.tar.gz’
* DONE (SingleMoleculeFootprinting)
* installing *binary* package ‘vroom’ ...
* ‘vroom’ was already a binary package and will not be rebuilt
* creating tarball
packaged installation of ‘vroom’ as ‘vroom_1.6.4_R_x86_64-pc-linux-gnu.tar.gz’
* DONE (vroom)
* installing *source* package ‘SingleMoleculeFootprintingData’ ...
** using staged installation
** R
** inst
** byte-compile and prepare package for lazy loading
** help
*** installing help indices
** building package indices
** installing vignettes
** testing if installed package can be loaded from temporary location
Error: package or namespace load failed for ‘SingleMoleculeFootprintingData’:
 .onLoad failed in loadNamespace() for 'SingleMoleculeFootprintingData', details:
  call: (function (cond) 
  error: error in evaluating the argument 'x' in selecting a method for function 'query': Failed to collect lazy table.
Caused by error in `db_collect()`:
! Arguments in `...` must be used.
✖ Problematic argument:
• ..1 = Inf
ℹ Did you misspell an argument name?
Error: loading failed
Execution halted
ERROR: loading failed
* removing ‘/tmp/tmp/built/SingleMoleculeFootprintingData’
* installing *binary* package ‘readr’ ...
* ‘readr’ was already a binary package and will not be rebuilt
* creating tarball
packaged installation of ‘readr’ as ‘readr_2.1.4_R_x86_64-pc-linux-gnu.tar.gz’
* DONE (readr)

The downloaded source packages are in
	‘/tmp/RtmpmBjeCJ/downloaded_packages’
Old packages: 'curl', 'evaluate', 'fansi', 'gert', 'htmltools', 'httpuv',
  'httr2', 'knitr', 'lifecycle', 'openssl', 'pkgload', 'prettyunits', 'ragg',
  'rlang', 'rmarkdown', 'rprojroot', 'shiny', 'stringi', 'stringr',
  'systemfonts', 'testthat', 'textshaping', 'tinytex', 'utf8', 'vctrs',
  'waldo', 'withr', 'xfun', 'lattice', 'Matrix', 'rpart'
Warning message:
In install.packages(...) :
  installation of package ‘SingleMoleculeFootprintingData’ had non-zero exit status

real	0m55.099s
user	0m46.594s
sys	0m4.897s
* installing *source* package ‘SingleMoleculeFootprintingData’ ...
** using staged installation
** R
** inst
** byte-compile and prepare package for lazy loading
** help
*** installing help indices
** building package indices
** installing vignettes
** testing if installed package can be loaded from temporary location
Error: package or namespace load failed for ‘SingleMoleculeFootprintingData’:
 .onLoad failed in loadNamespace() for 'SingleMoleculeFootprintingData', details:
  call: (function (cond) 
  error: error in evaluating the argument 'x' in selecting a method for function 'query': Failed to collect lazy table.
Caused by error in `db_collect()`:
! Arguments in `...` must be used.
✖ Problematic argument:
• ..1 = Inf
ℹ Did you misspell an argument name?
Error: loading failed
Execution halted
ERROR: loading failed
* removing ‘/tmp/tmp/built/SingleMoleculeFootprintingData’
